<?xml version="1.0" encoding="UTF-8"?>
<!-- Generated by org.testng.reporters.JUnitReportReporter -->
<testsuite skipped="1" hostname="hp" name="com.google.oauth2.tests.GmailAPITests" tests="7" failures="0" timestamp="2024-12-30T21:51:32 IST" time="12.682" errors="0">
  <testcase name="shouldBeAbleToGetProfileDetails" time="7.568" classname="com.google.oauth2.tests.GmailAPITests"/>
  <system-out/>
  <testcase name="shouldBeAbleToSendEmail" time="1.207" classname="com.google.oauth2.tests.GmailAPITests"/>
  <system-out/>
  <testcase name="shouldBeAbleToGetMessage" time="0.931" classname="com.google.oauth2.tests.GmailAPITests"/>
  <system-out/>
  <testcase name="shouldBeAbleToUpdateMessage" time="1.032" classname="com.google.oauth2.tests.GmailAPITests"/>
  <system-out/>
  <testcase name="getListOfAllMessage" time="0.974" classname="com.google.oauth2.tests.GmailAPITests"/>
  <system-out/>
  <testcase name="shouldBeABleToDeleteMessage" time="0.970" classname="com.google.oauth2.tests.GmailAPITests"/>
  <system-out/>
  <testcase name="shouldBeABleToDeleteMessageAgain" classname="com.google.oauth2.tests.GmailAPITests">
    <skipped/>
  </testcase> <!-- shouldBeABleToDeleteMessageAgain -->
  <system-out/>
</testsuite> <!-- com.google.oauth2.tests.GmailAPITests -->
