<?xml version="1.0" encoding="UTF-8"?>
<!-- Generated by org.testng.reporters.JUnitReportReporter -->
<testsuite skipped="0" hostname="hp" name="com.google.oauth2.tests.GmailAPITests" tests="1" failures="0" timestamp="2024-12-29T20:11:59 IST" time="7.296" errors="0">
  <testcase name="shouldBeAbleToGetProfileDetails" time="7.296" classname="com.google.oauth2.tests.GmailAPITests"/>
  <system-out/>
</testsuite> <!-- com.google.oauth2.tests.GmailAPITests -->
